Build started 1/12/2016 12:46:35 AM.
     1>Project "C:\Users\Jenny Liang\Downloads\Lab04\Lab04\server\server\server.vcxproj" on node 2 (Build target(s)).
     1>ClCompile:
         C:\Program Files (x86)\Microsoft Visual Studio 12.0\VC\bin\CL.exe /c /Zi /nologo /W3 /WX- /O2 /Oi /Oy- /GL /D WIN32 /D NDEBUG /D _CONSOLE /D _LIB /D _UNICODE /D UNICODE /Gm- /EHsc /MD /GS /Gy /fp:precise /Zc:wchar_t /Zc:forScope /Fo"Release\\" /Fd"Release\vc120.pdb" /Gd /TP /analyze- /errorReport:prompt server.cpp
         server.cpp
       Link:
         C:\Program Files (x86)\Microsoft Visual Studio 12.0\VC\bin\link.exe /ERRORREPORT:PROMPT /OUT:"C:\Users\Jenny Liang\Downloads\Lab04\Lab04\server\Release\server.exe" /INCREMENTAL:NO /NOLOGO kernel32.lib user32.lib gdi32.lib winspool.lib comdlg32.lib advapi32.lib shell32.lib ole32.lib oleaut32.lib uuid.lib odbc32.lib odbccp32.lib /MANIFEST /MANIFESTUAC:"level='asInvoker' uiAccess='false'" /manifest:embed /DEBUG /PDB:"C:\Users\Jenny Liang\Downloads\Lab04\Lab04\server\Release\server.pdb" /SUBSYSTEM:CONSOLE /OPT:REF /OPT:ICF /LTCG /TLBID:1 /DYNAMICBASE /NXCOMPAT /IMPLIB:"C:\Users\Jenny Liang\Downloads\Lab04\Lab04\server\Release\server.lib" /MACHINE:X86 /SAFESEH Release\server.obj
     1>server.obj : error LNK2001: unresolved external symbol __imp__accept@12
     1>server.obj : error LNK2001: unresolved external symbol __imp__listen@8
     1>server.obj : error LNK2001: unresolved external symbol __imp__send@16
     1>server.obj : error LNK2001: unresolved external symbol __imp__closesocket@4
     1>server.obj : error LNK2001: unresolved external symbol __imp__socket@12
     1>server.obj : error LNK2001: unresolved external symbol __imp__bind@12
     1>server.obj : error LNK2001: unresolved external symbol __imp__recv@16
     1>server.obj : error LNK2001: unresolved external symbol __imp__WSACleanup@0
     1>server.obj : error LNK2001: unresolved external symbol __imp__htons@4
     1>server.obj : error LNK2001: unresolved external symbol __imp__select@20
     1>server.obj : error LNK2001: unresolved external symbol __imp__htonl@4
     1>server.obj : error LNK2001: unresolved external symbol __imp__WSAStartup@8
     1>C:\Users\Jenny Liang\Downloads\Lab04\Lab04\server\Release\server.exe : fatal error LNK1120: 12 unresolved externals
     1>Done Building Project "C:\Users\Jenny Liang\Downloads\Lab04\Lab04\server\server\server.vcxproj" (Build target(s)) -- FAILED.

Build FAILED.

Time Elapsed 00:00:00.61
